<?xml version="1.0" encoding="UTF-8"?>
<testsuite xmlns:xsi="http://www.w3.org/2001/XMLSchema-instance" xsi:noNamespaceSchemaLocation="https://maven.apache.org/surefire/maven-surefire-plugin/xsd/surefire-test-report-3.0.xsd" version="3.0" name="com.devops.app.HealthControllerTest" time="3.496" tests="3" errors="0" skipped="0" failures="0">
  <properties>
[...]
</properties>
  <testcase name="testGetInfo" classname="com.devops.app.HealthControllerTest" time="0.891">
    <system-out><![CDATA[11:57:49.613 [main] INFO org.springframework.test.context.support.AnnotationConfigContextLoaderUtils -- Could not detect default configuration classes for test class [com.devops.app.HealthControllerTest]: HealthControllerTest does not declare any static, non-private, non-final, nested classes annotated with @Configuration.
11:57:49.903 [main] INFO org.springframework.boot.test.context.SpringBootTestContextBootstrapper -- Found @SpringBootConfiguration com.devops.app.AppApplication for test class com.devops.app.HealthControllerTest

  .   ____          _            __ _ _
 /\\ / ___'_ __ _ _(_)_ __  __ _ \ \ \ \
( ( )\___ | '_ | '_| | '_ \/ _` | \ \ \ \
 \\/  ___)| |_)| | | | | || (_| |  ) ) ) )
  '  |____| .__|_| |_|_| |_\__, | / / / /
 =========|_|==============|___/=/_/_/_/
 :: Spring Boot ::                (v3.2.5)

2026-06-01T11:57:50.564+05:30  INFO 15044 --- [devops-java-app] [           main] com.devops.app.HealthControllerTest      : Starting HealthControllerTest using Java 25.0.1 with PID 15044 (started by DELL in C:\Users\DELL\.gemini\antigravity\scratch\java-cicd-pipeline\app)
2026-06-01T11:57:50.566+05:30  INFO 15044 --- [devops-java-app] [           main] com.devops.app.HealthControllerTest      : No active profile set, falling back to 1 default profile: "default"
2026-06-01T11:57:51.899+05:30  INFO 15044 --- [devops-java-app] [           main] o.s.b.t.m.w.SpringBootMockServletContext : Initializing Spring TestDispatcherServlet ''
2026-06-01T11:57:51.899+05:30  INFO 15044 --- [devops-java-app] [           main] o.s.t.web.servlet.TestDispatcherServlet  : Initializing Servlet ''
2026-06-01T11:57:51.902+05:30  INFO 15044 --- [devops-java-app] [           main] o.s.t.web.servlet.TestDispatcherServlet  : Completed initialization in 2 ms
2026-06-01T11:57:51.933+05:30  INFO 15044 --- [devops-java-app] [           main] com.devops.app.HealthControllerTest      : Started HealthControllerTest in 1.927 seconds (process running for 3.459)
]]></system-out>
    <system-err><![CDATA[WARNING: A Java agent has been loaded dynamically (C:\Users\DELL\.m2\repository\net\bytebuddy\byte-buddy-agent\1.14.13\byte-buddy-agent-1.14.13.jar)
WARNING: If a serviceability tool is in use, please run with -XX:+EnableDynamicAgentLoading to hide this warning
WARNING: If a serviceability tool is not in use, please run with -Djdk.instrument.traceUsage for more information
WARNING: Dynamic loading of agents will be disallowed by default in a future release
]]></system-err>
  </testcase>
  <testcase name="testGetHealth" classname="com.devops.app.HealthControllerTest" time="0.012"/>
  <testcase name="testGetMetrics" classname="com.devops.app.HealthControllerTest" time="0.039"/>
</testsuite>